timestamp: 2016-10-04T16:17:05.240114
CREATE TABLE auth_user(
    id INTEGER PRIMARY KEY AUTOINCREMENT,
    first_name CHAR(128),
    last_name CHAR(128),
    email CHAR(512),
    password CHAR(512),
    registration_key CHAR(512),
    reset_password_key CHAR(512),
    registration_id CHAR(512)
);
success!
timestamp: 2016-10-04T16:17:05.249861
CREATE TABLE auth_group(
    id INTEGER PRIMARY KEY AUTOINCREMENT,
    role CHAR(512),
    description TEXT
);
success!
timestamp: 2016-10-04T16:17:05.264516
CREATE TABLE auth_membership(
    id INTEGER PRIMARY KEY AUTOINCREMENT,
    user_id INTEGER REFERENCES auth_user (id) ON DELETE CASCADE  ,
    group_id INTEGER REFERENCES auth_group (id) ON DELETE CASCADE  
);
success!
timestamp: 2016-10-04T16:17:05.280650
CREATE TABLE auth_permission(
    id INTEGER PRIMARY KEY AUTOINCREMENT,
    group_id INTEGER REFERENCES auth_group (id) ON DELETE CASCADE  ,
    name CHAR(512),
    table_name CHAR(512),
    record_id INTEGER
);
success!
timestamp: 2016-10-04T16:17:05.293640
CREATE TABLE auth_event(
    id INTEGER PRIMARY KEY AUTOINCREMENT,
    time_stamp TIMESTAMP,
    client_ip CHAR(512),
    user_id INTEGER REFERENCES auth_user (id) ON DELETE CASCADE  ,
    origin CHAR(512),
    description TEXT
);
success!
timestamp: 2016-10-04T16:17:05.304725
CREATE TABLE auth_cas(
    id INTEGER PRIMARY KEY AUTOINCREMENT,
    user_id INTEGER REFERENCES auth_user (id) ON DELETE CASCADE  ,
    created_on TIMESTAMP,
    service CHAR(512),
    ticket CHAR(512),
    renew CHAR(1)
);
success!
timestamp: 2016-10-14T14:53:06.203199
CREATE TABLE web2py_session_start(
    id INTEGER PRIMARY KEY AUTOINCREMENT,
    locked CHAR(1),
    client_ip CHAR(64),
    created_datetime TIMESTAMP,
    modified_datetime TIMESTAMP,
    unique_key CHAR(64),
    session_data BLOB
);
success!
timestamp: 2016-10-14T14:53:06.215571
CREATE TABLE post(
    id INTEGER PRIMARY KEY AUTOINCREMENT,
    user_email CHAR(512),
    post_content TEXT,
    created_on TIMESTAMP,
    updated_on TIMESTAMP
);
success!
timestamp: 2016-11-29T16:26:31.572673
CREATE TABLE product(
    id INTEGER PRIMARY KEY AUTOINCREMENT,
    product_name CHAR(512),
    quantity INTEGER,
    price DOUBLE,
    image CHAR(512),
    description TEXT
);
success!
timestamp: 2016-11-29T16:26:31.578672
CREATE TABLE customer_order(
    id INTEGER PRIMARY KEY AUTOINCREMENT,
    order_date CHAR(512),
    customer_info BLOB,
    transaction_token BLOB,
    cart BLOB
);
success!
timestamp: 2016-11-29T17:42:14.771468
CREATE TABLE orders(
    id INTEGER PRIMARY KEY AUTOINCREMENT,
    username CHAR(512),
    created_on TIMESTAMP,
    order_json TEXT
);
success!
timestamp: 2016-11-29T21:20:50.419058
CREATE TABLE web2py_session_my5(
    id INTEGER PRIMARY KEY AUTOINCREMENT,
    locked CHAR(1),
    client_ip CHAR(64),
    created_datetime TIMESTAMP,
    modified_datetime TIMESTAMP,
    unique_key CHAR(64),
    session_data BLOB
);
success!
timestamp: 2016-12-05T09:53:52.132016
CREATE TABLE web2py_session_goblinvillage(
    id INTEGER PRIMARY KEY AUTOINCREMENT,
    locked CHAR(1),
    client_ip CHAR(64),
    created_datetime TIMESTAMP,
    modified_datetime TIMESTAMP,
    unique_key CHAR(64),
    session_data BLOB
);
success!
